<?xml version="1.0" encoding="UTF-8"?>
<!-- Generated by org.testng.reporters.JUnitReportReporter -->
<testsuite hostname="AppleTree" name="com.mefozzy.calculatortest.TestBaseNGTest" tests="1" failures="0" timestamp="17 Aug 2015 11:59:53 GMT" time="0.020" errors="0">
  <testcase name="testTearDown" time="0.020" classname="com.mefozzy.calculatortest.TestBaseNGTest"/>
</testsuite> <!-- com.mefozzy.calculatortest.TestBaseNGTest -->
