<?xml version="1.0" encoding="UTF-8"?>
<!-- Generated by org.testng.reporters.JUnitReportReporter -->
<testsuite hostname="AppleTree" name="com.mefozzy.projectcalculator.CalculatorNGTest" tests="3" failures="0" timestamp="21 Aug 2015 15:02:08 GMT" time="33.930" errors="0">
  <testcase name="testFireFox" time="12.000" classname="com.mefozzy.projectcalculator.CalculatorNGTest"/>
  <testcase name="testIE" time="14.109" classname="com.mefozzy.projectcalculator.CalculatorNGTest"/>
  <testcase name="testChrome" time="7.821" classname="com.mefozzy.projectcalculator.CalculatorNGTest"/>
</testsuite> <!-- com.mefozzy.projectcalculator.CalculatorNGTest -->
