<?xml version="1.0" encoding="UTF-8"?>
<!-- Generated by org.testng.reporters.JUnitReportReporter -->
<testsuite hostname="AppleTree" name="com.mefozzy.calculatortest.SmokeTests" tests="1" failures="0" timestamp="17 Aug 2015 10:10:09 GMT" time="0.000" errors="0">
  <testcase name="Test1" time="0.000" classname="com.mefozzy.calculatortest.SmokeTests"/>
</testsuite> <!-- com.mefozzy.calculatortest.SmokeTests -->
