<?xml version="1.0" encoding="UTF-8"?>
<!-- Generated by org.testng.reporters.JUnitReportReporter -->
<testsuite hostname="AppleTree" name="com.mefozzy.calculatortest.BaseTestCaseNGTest" tests="1" failures="0" timestamp="21 Aug 2015 15:02:08 GMT" time="32.738" errors="0">
  <testcase name="TC1" time="32.738" classname="com.mefozzy.calculatortest.BaseTestCaseNGTest"/>
</testsuite> <!-- com.mefozzy.calculatortest.BaseTestCaseNGTest -->
